update-alternatives 2017-01-16 18:03:08: run with --quiet --install /usr/bin/awk awk /usr/bin/mawk 5 --slave /usr/share/man/man1/awk.1.gz awk.1.gz /usr/share/man/man1/mawk.1.gz --slave /usr/bin/nawk nawk /usr/bin/mawk --slave /usr/share/man/man1/nawk.1.gz nawk.1.gz /usr/share/man/man1/mawk.1.gz
update-alternatives 2017-01-16 18:03:08: link group awk updated to point to /usr/bin/mawk
update-alternatives 2017-01-16 18:04:38: run with --quiet --install /usr/bin/awk awk /usr/bin/mawk 5 --slave /usr/share/man/man1/awk.1.gz awk.1.gz /usr/share/man/man1/mawk.1.gz --slave /usr/bin/nawk nawk /usr/bin/mawk --slave /usr/share/man/man1/nawk.1.gz nawk.1.gz /usr/share/man/man1/mawk.1.gz
update-alternatives 2017-01-16 18:04:45: run with --install /usr/sbin/rmt rmt /usr/sbin/rmt-tar 50 --slave /usr/share/man/man8/rmt.8.gz rmt.8.gz /usr/share/man/man8/rmt-tar.8.gz
update-alternatives 2017-01-16 18:04:45: link group rmt updated to point to /usr/sbin/rmt-tar
update-alternatives 2017-01-16 18:04:49: run with --install /usr/share/man/man7/builtins.7.gz builtins.7.gz /usr/share/man/man7/bash-builtins.7.gz 10
update-alternatives 2017-01-16 18:04:49: link group builtins.7.gz updated to point to /usr/share/man/man7/bash-builtins.7.gz
update-alternatives 2017-01-16 18:04:56: run with --install /usr/bin/pager pager /bin/more 50 --slave /usr/share/man/man1/pager.1.gz pager.1.gz /usr/share/man/man1/more.1.gz
update-alternatives 2017-01-16 18:04:56: link group pager updated to point to /bin/more
update-alternatives 2017-01-16 18:04:56: run with --install /usr/bin/pager pager /usr/bin/pg 10 --slave /usr/share/man/man1/pager.1.gz pager.1.gz /usr/share/man/man1/pg.1.gz
update-alternatives 2017-01-16 18:04:56: run with --install /usr/bin/w w /usr/bin/w.procps 50 --slave /usr/share/man/man1/w.1.gz w.1.gz /usr/share/man/man1/w.procps.1.gz
update-alternatives 2017-01-16 18:04:56: link group w updated to point to /usr/bin/w.procps
update-alternatives 2017-01-17 00:01:01: run with --install /usr/bin/rename rename /usr/bin/prename 60 --slave /usr/share/man/man1/rename.1.gz rename.1.gz /usr/share/man/man1/prename.1.gz
update-alternatives 2017-01-17 00:01:01: link group rename updated to point to /usr/bin/prename
update-alternatives 2017-01-17 00:01:02: run with --quiet --install /usr/bin/rsh rsh /usr/bin/ssh 20 --slave /usr/share/man/man1/rsh.1.gz rsh.1.gz /usr/share/man/man1/ssh.1.gz
update-alternatives 2017-01-17 00:01:02: link group rsh updated to point to /usr/bin/ssh
update-alternatives 2017-01-17 00:01:02: run with --quiet --install /usr/bin/rlogin rlogin /usr/bin/slogin 20 --slave /usr/share/man/man1/rlogin.1.gz rlogin.1.gz /usr/share/man/man1/slogin.1.gz
update-alternatives 2017-01-17 00:01:02: link group rlogin updated to point to /usr/bin/slogin
update-alternatives 2017-01-17 00:01:02: run with --quiet --install /usr/bin/rcp rcp /usr/bin/scp 20 --slave /usr/share/man/man1/rcp.1.gz rcp.1.gz /usr/share/man/man1/scp.1.gz
update-alternatives 2017-01-17 00:01:02: link group rcp updated to point to /usr/bin/scp
update-alternatives 2017-01-17 00:49:51: run with --install /usr/bin/lzma lzma /usr/bin/xz 20 --slave /usr/share/man/man1/lzma.1.gz lzma.1.gz /usr/share/man/man1/xz.1.gz --slave /usr/bin/unlzma unlzma /usr/bin/unxz --slave /usr/share/man/man1/unlzma.1.gz unlzma.1.gz /usr/share/man/man1/unxz.1.gz --slave /usr/bin/lzcat lzcat /usr/bin/xzcat --slave /usr/share/man/man1/lzcat.1.gz lzcat.1.gz /usr/share/man/man1/xzcat.1.gz --slave /usr/bin/lzmore lzmore /usr/bin/xzmore --slave /usr/share/man/man1/lzmore.1.gz lzmore.1.gz /usr/share/man/man1/xzmore.1.gz --slave /usr/bin/lzless lzless /usr/bin/xzless --slave /usr/share/man/man1/lzless.1.gz lzless.1.gz /usr/share/man/man1/xzless.1.gz --slave /usr/bin/lzdiff lzdiff /usr/bin/xzdiff --slave /usr/share/man/man1/lzdiff.1.gz lzdiff.1.gz /usr/share/man/man1/xzdiff.1.gz --slave /usr/bin/lzcmp lzcmp /usr/bin/xzcmp --slave /usr/share/man/man1/lzcmp.1.gz lzcmp.1.gz /usr/share/man/man1/xzcmp.1.gz --slave /usr/bin/lzgrep lzgrep /usr/bin/xzgrep --slave /usr/share/man/man1/lzgrep.1.gz lzgrep.1.gz /usr/share/man/man1/xzgrep.1.gz --slave /usr/bin/lzegrep lzegrep /usr/bin/xzegrep --slave /usr/share/man/man1/lzegrep.1.gz lzegrep.1.gz /usr/share/man/man1/xzegrep.1.gz --slave /usr/bin/lzfgrep lzfgrep /usr/bin/xzfgrep --slave /usr/share/man/man1/lzfgrep.1.gz lzfgrep.1.gz /usr/share/man/man1/xzfgrep.1.gz
update-alternatives 2017-01-17 00:49:51: link group lzma updated to point to /usr/bin/xz
update-alternatives 2017-01-17 00:52:44: run with --install /usr/lib/x86_64-linux-gnu/libtxc_dxtn.so libtxc-dxtn-x86_64-linux-gnu /usr/lib/x86_64-linux-gnu/libtxc_dxtn_s2tc.so.0 10
update-alternatives 2017-01-17 00:52:44: link group libtxc-dxtn-x86_64-linux-gnu updated to point to /usr/lib/x86_64-linux-gnu/libtxc_dxtn_s2tc.so.0
update-alternatives 2017-01-17 00:52:44: run with --install /usr/bin/rmid rmid /usr/lib/jvm/java-8-openjdk-amd64/jre/bin/rmid 1069 --slave /usr/share/man/man1/rmid.1.gz rmid.1.gz /usr/lib/jvm/java-8-openjdk-amd64/jre/man/man1/rmid.1.gz
update-alternatives 2017-01-17 00:52:44: link group rmid updated to point to /usr/lib/jvm/java-8-openjdk-amd64/jre/bin/rmid
update-alternatives 2017-01-17 00:52:44: run with --install /usr/bin/java java /usr/lib/jvm/java-8-openjdk-amd64/jre/bin/java 1069 --slave /usr/share/man/man1/java.1.gz java.1.gz /usr/lib/jvm/java-8-openjdk-amd64/jre/man/man1/java.1.gz
update-alternatives 2017-01-17 00:52:44: link group java updated to point to /usr/lib/jvm/java-8-openjdk-amd64/jre/bin/java
update-alternatives 2017-01-17 00:52:44: run with --install /usr/bin/keytool keytool /usr/lib/jvm/java-8-openjdk-amd64/jre/bin/keytool 1069 --slave /usr/share/man/man1/keytool.1.gz keytool.1.gz /usr/lib/jvm/java-8-openjdk-amd64/jre/man/man1/keytool.1.gz
update-alternatives 2017-01-17 00:52:44: link group keytool updated to point to /usr/lib/jvm/java-8-openjdk-amd64/jre/bin/keytool
update-alternatives 2017-01-17 00:52:44: run with --install /usr/bin/jjs jjs /usr/lib/jvm/java-8-openjdk-amd64/jre/bin/jjs 1069 --slave /usr/share/man/man1/jjs.1.gz jjs.1.gz /usr/lib/jvm/java-8-openjdk-amd64/jre/man/man1/jjs.1.gz
update-alternatives 2017-01-17 00:52:44: link group jjs updated to point to /usr/lib/jvm/java-8-openjdk-amd64/jre/bin/jjs
update-alternatives 2017-01-17 00:52:44: run with --install /usr/bin/pack200 pack200 /usr/lib/jvm/java-8-openjdk-amd64/jre/bin/pack200 1069 --slave /usr/share/man/man1/pack200.1.gz pack200.1.gz /usr/lib/jvm/java-8-openjdk-amd64/jre/man/man1/pack200.1.gz
update-alternatives 2017-01-17 00:52:44: link group pack200 updated to point to /usr/lib/jvm/java-8-openjdk-amd64/jre/bin/pack200
update-alternatives 2017-01-17 00:52:44: run with --install /usr/bin/rmiregistry rmiregistry /usr/lib/jvm/java-8-openjdk-amd64/jre/bin/rmiregistry 1069 --slave /usr/share/man/man1/rmiregistry.1.gz rmiregistry.1.gz /usr/lib/jvm/java-8-openjdk-amd64/jre/man/man1/rmiregistry.1.gz
update-alternatives 2017-01-17 00:52:44: link group rmiregistry updated to point to /usr/lib/jvm/java-8-openjdk-amd64/jre/bin/rmiregistry
update-alternatives 2017-01-17 00:52:44: run with --install /usr/bin/unpack200 unpack200 /usr/lib/jvm/java-8-openjdk-amd64/jre/bin/unpack200 1069 --slave /usr/share/man/man1/unpack200.1.gz unpack200.1.gz /usr/lib/jvm/java-8-openjdk-amd64/jre/man/man1/unpack200.1.gz
update-alternatives 2017-01-17 00:52:44: link group unpack200 updated to point to /usr/lib/jvm/java-8-openjdk-amd64/jre/bin/unpack200
update-alternatives 2017-01-17 00:52:44: run with --install /usr/bin/orbd orbd /usr/lib/jvm/java-8-openjdk-amd64/jre/bin/orbd 1069 --slave /usr/share/man/man1/orbd.1.gz orbd.1.gz /usr/lib/jvm/java-8-openjdk-amd64/jre/man/man1/orbd.1.gz
update-alternatives 2017-01-17 00:52:44: link group orbd updated to point to /usr/lib/jvm/java-8-openjdk-amd64/jre/bin/orbd
update-alternatives 2017-01-17 00:52:44: run with --install /usr/bin/servertool servertool /usr/lib/jvm/java-8-openjdk-amd64/jre/bin/servertool 1069 --slave /usr/share/man/man1/servertool.1.gz servertool.1.gz /usr/lib/jvm/java-8-openjdk-amd64/jre/man/man1/servertool.1.gz
update-alternatives 2017-01-17 00:52:44: link group servertool updated to point to /usr/lib/jvm/java-8-openjdk-amd64/jre/bin/servertool
update-alternatives 2017-01-17 00:52:44: run with --install /usr/bin/tnameserv tnameserv /usr/lib/jvm/java-8-openjdk-amd64/jre/bin/tnameserv 1069 --slave /usr/share/man/man1/tnameserv.1.gz tnameserv.1.gz /usr/lib/jvm/java-8-openjdk-amd64/jre/man/man1/tnameserv.1.gz
update-alternatives 2017-01-17 00:52:44: link group tnameserv updated to point to /usr/lib/jvm/java-8-openjdk-amd64/jre/bin/tnameserv
update-alternatives 2017-01-17 00:52:44: run with --install /usr/bin/jexec jexec /usr/lib/jvm/java-8-openjdk-amd64/jre/lib/jexec 1069 --slave /usr/share/binfmts/jar jexec-binfmt /usr/lib/jvm/java-8-openjdk-amd64/jre/lib/jar.binfmt
update-alternatives 2017-01-17 00:52:44: link group jexec updated to point to /usr/lib/jvm/java-8-openjdk-amd64/jre/lib/jexec
update-alternatives 2017-01-17 00:52:45: run with --install /usr/bin/policytool policytool /usr/lib/jvm/java-8-openjdk-amd64/jre/bin/policytool 1069 --slave /usr/share/man/man1/policytool.1.gz policytool.1.gz /usr/lib/jvm/java-8-openjdk-amd64/jre/man/man1/policytool.1.gz
update-alternatives 2017-01-17 00:52:45: link group policytool updated to point to /usr/lib/jvm/java-8-openjdk-amd64/jre/bin/policytool
update-alternatives 2017-01-17 00:52:45: run with --install /usr/bin/idlj idlj /usr/lib/jvm/java-8-openjdk-amd64/bin/idlj 1069 --slave /usr/share/man/man1/idlj.1.gz idlj.1.gz /usr/lib/jvm/java-8-openjdk-amd64/man/man1/idlj.1.gz
update-alternatives 2017-01-17 00:52:45: link group idlj updated to point to /usr/lib/jvm/java-8-openjdk-amd64/bin/idlj
update-alternatives 2017-01-17 00:52:45: run with --install /usr/bin/jdeps jdeps /usr/lib/jvm/java-8-openjdk-amd64/bin/jdeps 1069 --slave /usr/share/man/man1/jdeps.1.gz jdeps.1.gz /usr/lib/jvm/java-8-openjdk-amd64/man/man1/jdeps.1.gz
update-alternatives 2017-01-17 00:52:45: link group jdeps updated to point to /usr/lib/jvm/java-8-openjdk-amd64/bin/jdeps
update-alternatives 2017-01-17 00:52:45: run with --install /usr/bin/wsimport wsimport /usr/lib/jvm/java-8-openjdk-amd64/bin/wsimport 1069 --slave /usr/share/man/man1/wsimport.1.gz wsimport.1.gz /usr/lib/jvm/java-8-openjdk-amd64/man/man1/wsimport.1.gz
update-alternatives 2017-01-17 00:52:45: link group wsimport updated to point to /usr/lib/jvm/java-8-openjdk-amd64/bin/wsimport
update-alternatives 2017-01-17 00:52:45: run with --install /usr/bin/jinfo jinfo /usr/lib/jvm/java-8-openjdk-amd64/bin/jinfo 1069 --slave /usr/share/man/man1/jinfo.1.gz jinfo.1.gz /usr/lib/jvm/java-8-openjdk-amd64/man/man1/jinfo.1.gz
update-alternatives 2017-01-17 00:52:45: link group jinfo updated to point to /usr/lib/jvm/java-8-openjdk-amd64/bin/jinfo
update-alternatives 2017-01-17 00:52:45: run with --install /usr/bin/jsadebugd jsadebugd /usr/lib/jvm/java-8-openjdk-amd64/bin/jsadebugd 1069 --slave /usr/share/man/man1/jsadebugd.1.gz jsadebugd.1.gz /usr/lib/jvm/java-8-openjdk-amd64/man/man1/jsadebugd.1.gz
update-alternatives 2017-01-17 00:52:45: link group jsadebugd updated to point to /usr/lib/jvm/java-8-openjdk-amd64/bin/jsadebugd
update-alternatives 2017-01-17 00:52:45: run with --install /usr/bin/native2ascii native2ascii /usr/lib/jvm/java-8-openjdk-amd64/bin/native2ascii 1069 --slave /usr/share/man/man1/native2ascii.1.gz native2ascii.1.gz /usr/lib/jvm/java-8-openjdk-amd64/man/man1/native2ascii.1.gz
update-alternatives 2017-01-17 00:52:45: link group native2ascii updated to point to /usr/lib/jvm/java-8-openjdk-amd64/bin/native2ascii
update-alternatives 2017-01-17 00:52:45: run with --install /usr/bin/jstat jstat /usr/lib/jvm/java-8-openjdk-amd64/bin/jstat 1069 --slave /usr/share/man/man1/jstat.1.gz jstat.1.gz /usr/lib/jvm/java-8-openjdk-amd64/man/man1/jstat.1.gz
update-alternatives 2017-01-17 00:52:45: link group jstat updated to point to /usr/lib/jvm/java-8-openjdk-amd64/bin/jstat
update-alternatives 2017-01-17 00:52:45: run with --install /usr/bin/javac javac /usr/lib/jvm/java-8-openjdk-amd64/bin/javac 1069 --slave /usr/share/man/man1/javac.1.gz javac.1.gz /usr/lib/jvm/java-8-openjdk-amd64/man/man1/javac.1.gz
update-alternatives 2017-01-17 00:52:45: link group javac updated to point to /usr/lib/jvm/java-8-openjdk-amd64/bin/javac
update-alternatives 2017-01-17 00:52:45: run with --install /usr/bin/javah javah /usr/lib/jvm/java-8-openjdk-amd64/bin/javah 1069 --slave /usr/share/man/man1/javah.1.gz javah.1.gz /usr/lib/jvm/java-8-openjdk-amd64/man/man1/javah.1.gz
update-alternatives 2017-01-17 00:52:45: link group javah updated to point to /usr/lib/jvm/java-8-openjdk-amd64/bin/javah
update-alternatives 2017-01-17 00:52:45: run with --install /usr/bin/jps jps /usr/lib/jvm/java-8-openjdk-amd64/bin/jps 1069 --slave /usr/share/man/man1/jps.1.gz jps.1.gz /usr/lib/jvm/java-8-openjdk-amd64/man/man1/jps.1.gz
update-alternatives 2017-01-17 00:52:45: link group jps updated to point to /usr/lib/jvm/java-8-openjdk-amd64/bin/jps
update-alternatives 2017-01-17 00:52:45: run with --install /usr/bin/jstack jstack /usr/lib/jvm/java-8-openjdk-amd64/bin/jstack 1069 --slave /usr/share/man/man1/jstack.1.gz jstack.1.gz /usr/lib/jvm/java-8-openjdk-amd64/man/man1/jstack.1.gz
update-alternatives 2017-01-17 00:52:45: link group jstack updated to point to /usr/lib/jvm/java-8-openjdk-amd64/bin/jstack
update-alternatives 2017-01-17 00:52:45: run with --install /usr/bin/jrunscript jrunscript /usr/lib/jvm/java-8-openjdk-amd64/bin/jrunscript 1069 --slave /usr/share/man/man1/jrunscript.1.gz jrunscript.1.gz /usr/lib/jvm/java-8-openjdk-amd64/man/man1/jrunscript.1.gz
update-alternatives 2017-01-17 00:52:45: link group jrunscript updated to point to /usr/lib/jvm/java-8-openjdk-amd64/bin/jrunscript
update-alternatives 2017-01-17 00:52:45: run with --install /usr/bin/javadoc javadoc /usr/lib/jvm/java-8-openjdk-amd64/bin/javadoc 1069 --slave /usr/share/man/man1/javadoc.1.gz javadoc.1.gz /usr/lib/jvm/java-8-openjdk-amd64/man/man1/javadoc.1.gz
update-alternatives 2017-01-17 00:52:45: link group javadoc updated to point to /usr/lib/jvm/java-8-openjdk-amd64/bin/javadoc
update-alternatives 2017-01-17 00:52:45: run with --install /usr/bin/javap javap /usr/lib/jvm/java-8-openjdk-amd64/bin/javap 1069 --slave /usr/share/man/man1/javap.1.gz javap.1.gz /usr/lib/jvm/java-8-openjdk-amd64/man/man1/javap.1.gz
update-alternatives 2017-01-17 00:52:45: link group javap updated to point to /usr/lib/jvm/java-8-openjdk-amd64/bin/javap
update-alternatives 2017-01-17 00:52:45: run with --install /usr/bin/jar jar /usr/lib/jvm/java-8-openjdk-amd64/bin/jar 1069 --slave /usr/share/man/man1/jar.1.gz jar.1.gz /usr/lib/jvm/java-8-openjdk-amd64/man/man1/jar.1.gz
update-alternatives 2017-01-17 00:52:45: link group jar updated to point to /usr/lib/jvm/java-8-openjdk-amd64/bin/jar
update-alternatives 2017-01-17 00:52:45: run with --install /usr/bin/xjc xjc /usr/lib/jvm/java-8-openjdk-amd64/bin/xjc 1069 --slave /usr/share/man/man1/xjc.1.gz xjc.1.gz /usr/lib/jvm/java-8-openjdk-amd64/man/man1/xjc.1.gz
update-alternatives 2017-01-17 00:52:45: link group xjc updated to point to /usr/lib/jvm/java-8-openjdk-amd64/bin/xjc
update-alternatives 2017-01-17 00:52:45: run with --install /usr/bin/schemagen schemagen /usr/lib/jvm/java-8-openjdk-amd64/bin/schemagen 1069 --slave /usr/share/man/man1/schemagen.1.gz schemagen.1.gz /usr/lib/jvm/java-8-openjdk-amd64/man/man1/schemagen.1.gz
update-alternatives 2017-01-17 00:52:45: link group schemagen updated to point to /usr/lib/jvm/java-8-openjdk-amd64/bin/schemagen
update-alternatives 2017-01-17 00:52:45: run with --install /usr/bin/extcheck extcheck /usr/lib/jvm/java-8-openjdk-amd64/bin/extcheck 1069 --slave /usr/share/man/man1/extcheck.1.gz extcheck.1.gz /usr/lib/jvm/java-8-openjdk-amd64/man/man1/extcheck.1.gz
update-alternatives 2017-01-17 00:52:45: link group extcheck updated to point to /usr/lib/jvm/java-8-openjdk-amd64/bin/extcheck
update-alternatives 2017-01-17 00:52:45: run with --install /usr/bin/jarsigner jarsigner /usr/lib/jvm/java-8-openjdk-amd64/bin/jarsigner 1069 --slave /usr/share/man/man1/jarsigner.1.gz jarsigner.1.gz /usr/lib/jvm/java-8-openjdk-amd64/man/man1/jarsigner.1.gz
update-alternatives 2017-01-17 00:52:45: link group jarsigner updated to point to /usr/lib/jvm/java-8-openjdk-amd64/bin/jarsigner
update-alternatives 2017-01-17 00:52:45: run with --install /usr/bin/rmic rmic /usr/lib/jvm/java-8-openjdk-amd64/bin/rmic 1069 --slave /usr/share/man/man1/rmic.1.gz rmic.1.gz /usr/lib/jvm/java-8-openjdk-amd64/man/man1/rmic.1.gz
update-alternatives 2017-01-17 00:52:45: link group rmic updated to point to /usr/lib/jvm/java-8-openjdk-amd64/bin/rmic
update-alternatives 2017-01-17 00:52:45: run with --install /usr/bin/jstatd jstatd /usr/lib/jvm/java-8-openjdk-amd64/bin/jstatd 1069 --slave /usr/share/man/man1/jstatd.1.gz jstatd.1.gz /usr/lib/jvm/java-8-openjdk-amd64/man/man1/jstatd.1.gz
update-alternatives 2017-01-17 00:52:45: link group jstatd updated to point to /usr/lib/jvm/java-8-openjdk-amd64/bin/jstatd
update-alternatives 2017-01-17 00:52:45: run with --install /usr/bin/jhat jhat /usr/lib/jvm/java-8-openjdk-amd64/bin/jhat 1069 --slave /usr/share/man/man1/jhat.1.gz jhat.1.gz /usr/lib/jvm/java-8-openjdk-amd64/man/man1/jhat.1.gz
update-alternatives 2017-01-17 00:52:45: link group jhat updated to point to /usr/lib/jvm/java-8-openjdk-amd64/bin/jhat
update-alternatives 2017-01-17 00:52:45: run with --install /usr/bin/jdb jdb /usr/lib/jvm/java-8-openjdk-amd64/bin/jdb 1069 --slave /usr/share/man/man1/jdb.1.gz jdb.1.gz /usr/lib/jvm/java-8-openjdk-amd64/man/man1/jdb.1.gz
update-alternatives 2017-01-17 00:52:45: link group jdb updated to point to /usr/lib/jvm/java-8-openjdk-amd64/bin/jdb
update-alternatives 2017-01-17 00:52:45: run with --install /usr/bin/serialver serialver /usr/lib/jvm/java-8-openjdk-amd64/bin/serialver 1069 --slave /usr/share/man/man1/serialver.1.gz serialver.1.gz /usr/lib/jvm/java-8-openjdk-amd64/man/man1/serialver.1.gz
update-alternatives 2017-01-17 00:52:45: link group serialver updated to point to /usr/lib/jvm/java-8-openjdk-amd64/bin/serialver
update-alternatives 2017-01-17 00:52:45: run with --install /usr/bin/wsgen wsgen /usr/lib/jvm/java-8-openjdk-amd64/bin/wsgen 1069 --slave /usr/share/man/man1/wsgen.1.gz wsgen.1.gz /usr/lib/jvm/java-8-openjdk-amd64/man/man1/wsgen.1.gz
update-alternatives 2017-01-17 00:52:45: link group wsgen updated to point to /usr/lib/jvm/java-8-openjdk-amd64/bin/wsgen
update-alternatives 2017-01-17 00:52:45: run with --install /usr/bin/jcmd jcmd /usr/lib/jvm/java-8-openjdk-amd64/bin/jcmd 1069 --slave /usr/share/man/man1/jcmd.1.gz jcmd.1.gz /usr/lib/jvm/java-8-openjdk-amd64/man/man1/jcmd.1.gz
update-alternatives 2017-01-17 00:52:45: link group jcmd updated to point to /usr/lib/jvm/java-8-openjdk-amd64/bin/jcmd
update-alternatives 2017-01-17 00:52:45: run with --install /usr/bin/jmap jmap /usr/lib/jvm/java-8-openjdk-amd64/bin/jmap 1069 --slave /usr/share/man/man1/jmap.1.gz jmap.1.gz /usr/lib/jvm/java-8-openjdk-amd64/man/man1/jmap.1.gz
update-alternatives 2017-01-17 00:52:45: link group jmap updated to point to /usr/lib/jvm/java-8-openjdk-amd64/bin/jmap
update-alternatives 2017-01-17 00:52:45: run with --install /usr/bin/appletviewer appletviewer /usr/lib/jvm/java-8-openjdk-amd64/bin/appletviewer 1069 --slave /usr/share/man/man1/appletviewer.1.gz appletviewer.1.gz /usr/lib/jvm/java-8-openjdk-amd64/man/man1/appletviewer.1.gz
update-alternatives 2017-01-17 00:52:45: link group appletviewer updated to point to /usr/lib/jvm/java-8-openjdk-amd64/bin/appletviewer
update-alternatives 2017-01-17 00:52:45: run with --install /usr/bin/jconsole jconsole /usr/lib/jvm/java-8-openjdk-amd64/bin/jconsole 1069 --slave /usr/share/man/man1/jconsole.1.gz jconsole.1.gz /usr/lib/jvm/java-8-openjdk-amd64/man/man1/jconsole.1.gz
update-alternatives 2017-01-17 00:52:45: link group jconsole updated to point to /usr/lib/jvm/java-8-openjdk-amd64/bin/jconsole
